2017-01-03 INFO Get data date: 2016-12-30
C:\Python36\lib\site-packages\scipy\optimize\_hessian_update_strategy.py:187: UserWarning: delta_grad == 0.0. Check if the approximated function is linear. If the function is linear better results can be obtained by defining the Hessian as zero instead of using quasi-Newton approximations.
  'approximations.', UserWarning)
True
127.02039194107056
2017-01-03 WARN 订单创建失败: 下单量为0
2017-01-03 WARN 订单创建失败: 下单量为0
2017-01-03 WARN 订单创建失败: 下单量为0
2017-01-03 WARN 订单创建失败: 下单量为0
2017-01-03 WARN 订单创建失败: 下单量为0
2017-01-03 WARN 订单创建失败: 下单量为0
2017-01-03 WARN 订单创建失败: 下单量为0
2017-01-03 WARN 订单创建失败: 下单量为0
2017-01-03 WARN 订单创建失败: 下单量为0
2017-01-03 WARN 订单创建失败: 下单量为0
2017-01-03 WARN 订单创建失败: 下单量为0
2017-01-03 WARN 订单创建失败: 下单量为0
2017-01-03 WARN 订单创建失败: 下单量为0
2017-01-03 WARN 订单创建失败: 下单量为0
2017-01-03 WARN 订单创建失败: 下单量为0
2017-01-03 WARN 订单创建失败: 下单量为0
2017-01-03 WARN 订单创建失败: 下单量为0
2017-01-03 WARN 订单创建失败: 下单量为0
2017-01-03 WARN 订单创建失败: 下单量为0
2017-01-03 WARN 订单创建失败: 下单量为0
2017-01-03 WARN 订单创建失败: 下单量为0
2017-01-03 WARN 订单创建失败: 下单量为0
2017-01-03 WARN 订单创建失败: 下单量为0
2017-01-03 WARN 订单创建失败: 下单量为0
2017-01-03 WARN 订单创建失败: 下单量为0
2017-01-03 WARN 订单创建失败: 下单量为0
2017-01-03 WARN 订单创建失败: 下单量为0
2017-01-03 WARN 订单创建失败: 下单量为0
2017-01-03 WARN 订单创建失败: 下单量为0
2017-01-03 WARN 订单创建失败: 下单量为0
2017-01-03 WARN 订单创建失败: 下单量为0
2017-01-03 WARN 订单创建失败: 下单量为0
2017-01-03 WARN 订单创建失败: 下单量为0
2017-01-03 WARN 订单创建失败: 下单量为0
2017-01-03 WARN 订单创建失败: 下单量为0
2017-01-03 WARN 订单创建失败: 下单量为0
2017-01-03 WARN 订单创建失败: 下单量为0
2017-01-03 WARN 订单创建失败: 下单量为0
2017-01-03 WARN 订单创建失败: 下单量为0
2017-01-03 WARN 订单创建失败: 下单量为0
2017-01-03 WARN 订单创建失败: 下单量为0
2017-01-03 WARN 订单创建失败: 下单量为0
2017-01-03 WARN 订单创建失败: 下单量为0
2017-01-03 WARN 订单创建失败: 下单量为0
2017-01-03 WARN 订单创建失败: 下单量为0
2017-01-03 WARN 订单创建失败: 下单量为0
2017-01-03 WARN 订单创建失败: 下单量为0
2017-01-03 WARN 订单创建失败: 下单量为0
2017-01-03 WARN 订单创建失败: 下单量为0
2017-01-03 WARN 订单创建失败: 下单量为0
2017-01-03 WARN 订单创建失败: 下单量为0
2017-01-03 WARN 订单创建失败: 下单量为0
2017-01-03 WARN 订单创建失败: 下单量为0
2017-01-03 WARN 订单创建失败: 下单量为0
2017-01-03 WARN 订单创建失败: 下单量为0
2017-01-03 WARN 订单创建失败: 下单量为0
2017-01-03 WARN 订单创建失败: 下单量为0
2017-01-03 WARN 订单创建失败: 下单量为0
2017-01-03 WARN 订单创建失败: 下单量为0
2017-01-03 WARN 订单创建失败: 下单量为0
2017-01-03 WARN 订单创建失败: 下单量为0
2017-01-03 WARN 订单创建失败: 下单量为0
2017-01-03 WARN 订单创建失败: 下单量为0
2017-01-03 WARN 订单创建失败: 下单量为0
2017-01-03 WARN 订单创建失败: 下单量为0
2017-01-03 WARN 订单创建失败: 下单量为0
2017-01-03 WARN 订单创建失败: 下单量为0
2017-01-03 WARN 订单创建失败: 下单量为0
2017-01-03 WARN 订单创建失败: 下单量为0
2017-01-03 WARN 订单创建失败: 下单量为0
2017-01-03 WARN 订单创建失败: 下单量为0
2017-01-03 WARN 订单创建失败: 下单量为0
2017-01-03 WARN 订单创建失败: 下单量为0
2017-01-03 WARN 订单创建失败: 下单量为0
2017-01-03 WARN 订单创建失败: 下单量为0
2017-01-03 WARN 订单创建失败: 下单量为0
2017-01-03 WARN 订单创建失败: 下单量为0
2017-01-03 WARN 订单创建失败: 下单量为0
2017-01-03 WARN 订单创建失败: 下单量为0
2017-01-03 WARN 订单创建失败: 下单量为0
2017-01-03 WARN 订单创建失败: 下单量为0
2017-01-03 WARN 订单创建失败: 下单量为0
2017-01-03 WARN 订单创建失败: 下单量为0
2017-01-03 WARN 订单创建失败: 下单量为0
2017-01-03 WARN 订单创建失败: 下单量为0
2017-01-03 WARN 订单创建失败: 下单量为0
2017-01-03 WARN 订单创建失败: 下单量为0
2017-01-03 WARN 订单创建失败: 下单量为0
2017-01-03 WARN 订单创建失败: 下单量为0
2017-01-03 WARN 订单创建失败: 下单量为0
2017-01-03 WARN 订单创建失败: 下单量为0
2017-01-03 WARN 订单创建失败: 下单量为0
2017-01-03 WARN 订单创建失败: 下单量为0
2017-01-03 WARN 订单创建失败: 下单量为0
2017-01-03 WARN 订单创建失败: 下单量为0
2017-01-03 WARN 订单创建失败: 下单量为0
2017-01-03 WARN 订单创建失败: 下单量为0
2017-01-03 WARN 订单创建失败: 下单量为0
2017-01-03 WARN 订单创建失败: 下单量为0
2017-01-03 WARN 订单创建失败: 下单量为0
2017-01-03 WARN 订单创建失败: 下单量为0
2017-01-03 WARN 订单创建失败: 下单量为0
2017-01-03 WARN 订单创建失败: 下单量为0
2017-01-03 WARN 订单创建失败: 下单量为0
2017-01-03 WARN 订单创建失败: 下单量为0
2017-01-03 WARN 订单创建失败: 下单量为0
2017-01-03 WARN 订单创建失败: 下单量为0
2017-01-03 WARN 订单创建失败: 下单量为0
2017-01-03 WARN 订单创建失败: 下单量为0
2017-01-03 WARN 订单创建失败: 下单量为0
2017-01-03 WARN 订单创建失败: 下单量为0
2017-01-03 WARN 订单创建失败: 下单量为0
2017-01-03 WARN 订单创建失败: 下单量为0
2017-01-03 WARN 订单创建失败: 下单量为0
2017-01-03 WARN 订单创建失败: 下单量为0
2017-01-03 WARN 订单创建失败: 下单量为0
2017-01-03 WARN 订单创建失败: 下单量为0
2017-01-03 WARN 订单创建失败: 下单量为0
2017-01-03 WARN 订单创建失败: 下单量为0
2017-01-03 WARN 订单创建失败: 下单量为0
2017-01-03 WARN 订单创建失败: 下单量为0
2017-01-03 WARN 订单创建失败: 下单量为0
2017-01-03 WARN 订单创建失败: 下单量为0
2017-01-03 WARN 订单创建失败: 下单量为0
2017-01-03 WARN 订单创建失败: 下单量为0
2017-01-03 WARN 订单创建失败: 下单量为0
2017-01-03 WARN 订单创建失败: 下单量为0
2017-01-03 WARN 订单创建失败: 下单量为0
2017-01-03 WARN 订单创建失败: 下单量为0
2017-01-03 WARN 订单创建失败: 下单量为0
2017-01-03 WARN 订单创建失败: 下单量为0
2017-01-03 WARN 订单创建失败: 下单量为0
2017-01-03 WARN 订单创建失败: 下单量为0
2017-01-03 WARN 订单创建失败: 下单量为0
2017-01-03 WARN 订单创建失败: 下单量为0
2017-01-03 WARN 订单创建失败: 下单量为0
2017-01-03 WARN 订单创建失败: 下单量为0
2017-01-03 WARN 订单创建失败: 下单量为0
2017-01-03 WARN 订单创建失败: 下单量为0
2017-01-03 WARN 订单创建失败: 下单量为0
2017-01-03 WARN 订单创建失败: 下单量为0
2017-01-03 WARN 订单创建失败: 下单量为0
2017-01-03 WARN 订单创建失败: 下单量为0
2017-01-03 WARN 订单创建失败: 下单量为0
2017-01-03 WARN 订单创建失败: 下单量为0
2017-01-03 WARN 订单创建失败: 下单量为0
2017-01-03 WARN 订单创建失败: 下单量为0
2017-01-03 WARN 订单创建失败: 下单量为0
2017-01-03 WARN 订单创建失败: 下单量为0
2017-01-03 WARN 订单创建失败: 下单量为0
2017-01-03 WARN 订单创建失败: 下单量为0
2017-01-03 WARN 订单创建失败: 下单量为0
2017-01-03 WARN 订单创建失败: 下单量为0
2017-01-03 WARN 订单创建失败: 下单量为0
2017-01-03 WARN 订单创建失败: 下单量为0
2017-01-03 WARN 订单创建失败: 下单量为0
2017-01-03 WARN 订单创建失败: 下单量为0
2017-01-03 WARN 订单创建失败: 下单量为0
2017-01-03 WARN 订单创建失败: 下单量为0
2017-01-03 WARN 订单创建失败: 下单量为0
2017-01-03 WARN 订单创建失败: 002408.XSHE 在 2017-01-03 15:00:00 时停牌
2017-01-03 WARN 订单创建失败: 下单量为0
2017-01-03 WARN 订单创建失败: 下单量为0
2017-01-03 WARN 订单创建失败: 下单量为0
2017-01-03 WARN 订单创建失败: 下单量为0
2017-01-03 WARN 订单创建失败: 下单量为0
2017-01-03 WARN 订单创建失败: 下单量为0
2017-01-03 WARN 订单创建失败: 下单量为0
2017-01-03 WARN 订单创建失败: 下单量为0
2017-01-03 WARN 订单创建失败: 下单量为0
2017-01-03 WARN 订单创建失败: 下单量为0
2017-01-03 WARN 订单创建失败: 下单量为0
2017-01-03 WARN 订单创建失败: 下单量为0
2017-01-03 WARN 订单创建失败: 下单量为0
2017-01-03 WARN 订单创建失败: 下单量为0
2017-01-03 WARN 订单创建失败: 下单量为0
2017-01-09 INFO Get data date: 2017-01-06
False
746.3403489589691
2017-01-09 WARN 订单创建失败: 000671.XSHE 在 2017-01-09 15:00:00 时停牌
2017-01-09 WARN 订单创建失败: 000932.XSHE 在 2017-01-09 15:00:00 时停牌
2017-01-09 WARN 订单创建失败: 002368.XSHE 在 2017-01-09 15:00:00 时停牌
2017-01-09 WARN 订单创建失败: 300207.XSHE 在 2017-01-09 15:00:00 时停牌
2017-01-09 WARN 订单创建失败: 下单量为0
2017-01-09 WARN 订单创建失败: 下单量为0
2017-01-09 WARN 订单创建失败: 下单量为0
2017-01-09 WARN 订单创建失败: 下单量为0
2017-01-09 WARN 订单创建失败: 下单量为0
2017-01-09 WARN 订单创建失败: 下单量为0
2017-01-09 WARN 订单创建失败: 下单量为0
2017-01-09 WARN 订单创建失败: 下单量为0
2017-01-09 WARN 订单创建失败: 下单量为0
2017-01-09 WARN 订单创建失败: 下单量为0
2017-01-09 WARN 订单创建失败: 下单量为0
2017-01-09 WARN 订单创建失败: 下单量为0
2017-01-09 WARN 订单创建失败: 下单量为0
2017-01-09 WARN 订单创建失败: 下单量为0
2017-01-09 WARN 订单创建失败: 下单量为0
2017-01-09 WARN 订单创建失败: 下单量为0
2017-01-09 WARN 订单创建失败: 下单量为0
2017-01-09 WARN 订单创建失败: 下单量为0
2017-01-09 WARN 订单创建失败: 下单量为0
2017-01-09 WARN 订单创建失败: 下单量为0
2017-01-09 WARN 订单创建失败: 下单量为0
2017-01-09 WARN 订单创建失败: 下单量为0
2017-01-09 WARN 订单创建失败: 下单量为0
2017-01-09 WARN 订单创建失败: 下单量为0
2017-01-09 WARN 订单创建失败: 下单量为0
2017-01-09 WARN 订单创建失败: 下单量为0
2017-01-09 WARN 订单创建失败: 下单量为0
2017-01-09 WARN 订单创建失败: 下单量为0
2017-01-09 WARN 订单创建失败: 下单量为0
2017-01-09 WARN 订单创建失败: 下单量为0
2017-01-09 WARN 订单创建失败: 下单量为0
2017-01-09 WARN 订单创建失败: 下单量为0
2017-01-09 WARN 订单创建失败: 下单量为0
2017-01-09 WARN 订单创建失败: 下单量为0
2017-01-09 WARN 订单创建失败: 下单量为0
2017-01-09 WARN 订单创建失败: 下单量为0
2017-01-09 WARN 订单创建失败: 下单量为0
2017-01-09 WARN 订单创建失败: 下单量为0
2017-01-09 WARN 订单创建失败: 下单量为0
2017-01-09 WARN 订单创建失败: 下单量为0
2017-01-09 WARN 订单创建失败: 下单量为0
2017-01-09 WARN 订单创建失败: 下单量为0
2017-01-09 WARN 订单创建失败: 下单量为0
2017-01-09 WARN 订单创建失败: 下单量为0
2017-01-09 WARN 订单创建失败: 下单量为0
2017-01-09 WARN 订单创建失败: 下单量为0
2017-01-09 WARN 订单创建失败: 下单量为0
2017-01-09 WARN 订单创建失败: 下单量为0
2017-01-09 WARN 订单创建失败: 下单量为0
2017-01-09 WARN 订单创建失败: 下单量为0
2017-01-09 WARN 订单创建失败: 下单量为0
2017-01-09 WARN 订单创建失败: 下单量为0
2017-01-09 WARN 订单创建失败: 下单量为0
2017-01-09 WARN 订单创建失败: 下单量为0
2017-01-09 WARN 订单创建失败: 下单量为0
2017-01-09 WARN 订单创建失败: 下单量为0
2017-01-09 WARN 订单创建失败: 下单量为0
2017-01-09 WARN 订单创建失败: 下单量为0
2017-01-09 WARN 订单创建失败: 下单量为0
2017-01-09 WARN 订单创建失败: 下单量为0
2017-01-09 WARN 订单创建失败: 下单量为0
2017-01-09 WARN 订单创建失败: 下单量为0
2017-01-09 WARN 订单创建失败: 下单量为0
2017-01-09 WARN 订单创建失败: 下单量为0
2017-01-09 WARN 订单创建失败: 下单量为0
2017-01-09 WARN 订单创建失败: 下单量为0
2017-01-09 WARN 订单创建失败: 下单量为0
2017-01-09 WARN 订单创建失败: 下单量为0
2017-01-09 WARN 订单创建失败: 下单量为0
2017-01-09 WARN 订单创建失败: 下单量为0
2017-01-09 WARN 订单创建失败: 下单量为0
2017-01-09 WARN 订单创建失败: 下单量为0
2017-01-09 WARN 订单创建失败: 下单量为0
2017-01-09 WARN 订单被拒单: [000825.XSHE] 已涨停。
2017-01-09 INFO {'order_id': 15844215710813, 'secondary_order_id': None, 'calendar_dt': datetime.datetime(2017, 1, 9, 15, 0), 'trading_dt': datetime.datetime(2017, 1, 9, 15, 0), 'order_book_id': '000825.XSHE', 'quantity': 5800, 'side': 'BUY', 'position_effect': 'OPEN', 'message': '订单被拒单: [000825.XSHE] 已涨停。', 'filled_quantity': 0, 'status': 'REJECTED', 'frozen_price': 4.42, 'type': 'MARKET', 'transaction_cost': 0, 'avg_price': 0} *!*!*!*!*!*--订单失败--*!*!*!*!*!*
2017-01-09 WARN 订单创建失败: 下单量为0
2017-01-09 WARN 订单创建失败: 下单量为0
2017-01-09 WARN 订单创建失败: 下单量为0
2017-01-09 WARN 订单创建失败: 下单量为0
2017-01-09 WARN 订单创建失败: 下单量为0
2017-01-09 WARN 订单创建失败: 下单量为0
2017-01-09 WARN 订单创建失败: 下单量为0
2017-01-09 WARN 订单创建失败: 下单量为0
2017-01-09 WARN 订单创建失败: 下单量为0
2017-01-09 WARN 订单创建失败: 下单量为0
2017-01-09 WARN 订单创建失败: 下单量为0
2017-01-09 WARN 订单创建失败: 下单量为0
2017-01-09 WARN 订单创建失败: 下单量为0
2017-01-09 WARN 订单创建失败: 下单量为0
2017-01-09 WARN 订单创建失败: 下单量为0
2017-01-09 WARN 订单创建失败: 下单量为0
2017-01-09 WARN 订单创建失败: 下单量为0
2017-01-09 WARN 订单创建失败: 下单量为0
2017-01-09 WARN 订单创建失败: 下单量为0
2017-01-09 WARN 订单创建失败: 下单量为0
2017-01-09 WARN 订单创建失败: 下单量为0
2017-01-09 WARN 订单创建失败: 下单量为0
2017-01-09 WARN 订单创建失败: 下单量为0
2017-01-09 WARN 订单创建失败: 下单量为0
2017-01-09 WARN 订单创建失败: 下单量为0
2017-01-09 WARN 订单创建失败: 下单量为0
2017-01-09 WARN 订单创建失败: 下单量为0
2017-01-09 WARN 订单创建失败: 下单量为0
2017-01-09 WARN 订单创建失败: 下单量为0
2017-01-09 WARN 订单创建失败: 下单量为0
2017-01-09 WARN 订单创建失败: 下单量为0
2017-01-09 WARN 订单创建失败: 下单量为0
2017-01-09 WARN 订单创建失败: 下单量为0
2017-01-09 WARN 订单创建失败: 下单量为0
2017-01-09 WARN 订单创建失败: 下单量为0
2017-01-09 WARN 订单创建失败: 下单量为0
2017-01-09 WARN 订单创建失败: 下单量为0
2017-01-09 WARN 订单创建失败: 下单量为0
2017-01-09 WARN 订单创建失败: 下单量为0
2017-01-09 WARN 订单创建失败: 下单量为0
2017-01-09 WARN 订单创建失败: 下单量为0
2017-01-09 WARN 订单创建失败: 下单量为0
2017-01-09 WARN 订单创建失败: 下单量为0
2017-01-09 WARN 订单创建失败: 下单量为0
2017-01-09 WARN 订单创建失败: 下单量为0
2017-01-16 INFO Get data date: 2017-01-13
False
403.04175186157227
2017-01-16 WARN 订单创建失败: 000671.XSHE 在 2017-01-16 15:00:00 时停牌
2017-01-16 WARN 订单创建失败: 002368.XSHE 在 2017-01-16 15:00:00 时停牌
2017-01-16 WARN 订单创建失败: 300207.XSHE 在 2017-01-16 15:00:00 时停牌
2017-01-16 WARN 订单创建失败: 下单量为0
2017-01-16 WARN 订单创建失败: 下单量为0
2017-01-16 WARN 订单创建失败: 下单量为0
2017-01-16 WARN 订单创建失败: 下单量为0
2017-01-16 WARN 订单创建失败: 下单量为0
2017-01-16 WARN 订单创建失败: 下单量为0
2017-01-16 WARN 订单创建失败: 下单量为0
2017-01-16 WARN 订单创建失败: 下单量为0
2017-01-16 WARN 订单创建失败: 下单量为0
2017-01-16 WARN 订单创建失败: 下单量为0
2017-01-16 WARN 订单创建失败: 下单量为0
2017-01-16 WARN 订单创建失败: 下单量为0
2017-01-16 WARN 订单创建失败: 下单量为0
2017-01-16 WARN 订单创建失败: 下单量为0
2017-01-16 WARN 订单创建失败: 下单量为0
2017-01-16 WARN 订单创建失败: 下单量为0
2017-01-16 WARN 订单创建失败: 下单量为0
2017-01-16 WARN 订单创建失败: 下单量为0
2017-01-16 WARN 订单创建失败: 下单量为0
2017-01-16 WARN 订单创建失败: 下单量为0
2017-01-16 WARN 订单创建失败: 下单量为0
2017-01-16 WARN 订单创建失败: 下单量为0
2017-01-16 WARN 订单创建失败: 下单量为0
2017-01-16 WARN 订单创建失败: 下单量为0
2017-01-16 WARN 订单创建失败: 下单量为0
2017-01-16 WARN 订单创建失败: 下单量为0
2017-01-16 WARN 订单创建失败: 下单量为0
2017-01-16 WARN 订单创建失败: 下单量为0
2017-01-16 WARN 订单创建失败: 下单量为0
2017-01-16 WARN 订单创建失败: 下单量为0
2017-01-16 WARN 订单创建失败: 下单量为0
2017-01-16 WARN 订单创建失败: 下单量为0
2017-01-16 WARN 订单创建失败: 下单量为0
2017-01-16 WARN 订单创建失败: 下单量为0
2017-01-16 WARN 订单创建失败: 下单量为0
2017-01-16 WARN 订单创建失败: 下单量为0
2017-01-16 WARN 订单创建失败: 下单量为0
2017-01-16 WARN 订单创建失败: 下单量为0
2017-01-16 WARN 订单创建失败: 下单量为0
2017-01-16 WARN 订单创建失败: 下单量为0
2017-01-16 WARN 订单创建失败: 下单量为0
2017-01-16 WARN 订单创建失败: 下单量为0
2017-01-16 WARN 订单创建失败: 下单量为0
2017-01-16 WARN 订单创建失败: 下单量为0
2017-01-16 WARN 订单创建失败: 下单量为0
2017-01-16 WARN 订单创建失败: 下单量为0
2017-01-16 WARN 订单创建失败: 下单量为0
2017-01-16 WARN 订单创建失败: 下单量为0
2017-01-16 WARN 订单创建失败: 下单量为0
2017-01-16 WARN 订单创建失败: 下单量为0
2017-01-16 WARN 订单创建失败: 下单量为0
2017-01-16 WARN 订单创建失败: 下单量为0
2017-01-16 WARN 订单创建失败: 下单量为0
2017-01-16 WARN 订单创建失败: 下单量为0
2017-01-16 WARN 订单创建失败: 下单量为0
2017-01-16 WARN 订单创建失败: 下单量为0
2017-01-16 WARN 订单创建失败: 下单量为0
2017-01-16 WARN 订单创建失败: 下单量为0
2017-01-16 WARN 订单创建失败: 下单量为0
2017-01-16 WARN 订单创建失败: 下单量为0
2017-01-16 WARN 订单创建失败: 下单量为0
2017-01-16 WARN 订单创建失败: 下单量为0
2017-01-16 WARN 订单创建失败: 下单量为0
2017-01-16 WARN 订单创建失败: 下单量为0
2017-01-16 WARN 订单创建失败: 下单量为0
2017-01-16 WARN 订单创建失败: 下单量为0
2017-01-16 WARN 订单创建失败: 下单量为0
2017-01-16 WARN 订单创建失败: 下单量为0
2017-01-16 WARN 订单创建失败: 下单量为0
2017-01-16 WARN 订单创建失败: 下单量为0
2017-01-16 WARN 订单创建失败: 下单量为0
2017-01-16 WARN 订单创建失败: 下单量为0
2017-01-16 WARN 订单创建失败: 下单量为0
2017-01-16 WARN 订单创建失败: 下单量为0
2017-01-16 WARN 订单创建失败: 下单量为0
2017-01-16 WARN 订单创建失败: 下单量为0
2017-01-16 WARN 订单创建失败: 下单量为0
2017-01-16 WARN 订单创建失败: 下单量为0
2017-01-16 WARN 订单创建失败: 下单量为0
2017-01-16 WARN 订单创建失败: 下单量为0
2017-01-16 WARN 订单创建失败: 下单量为0
2017-01-16 WARN 订单创建失败: 下单量为0
2017-01-16 WARN 订单创建失败: 下单量为0
2017-01-16 WARN 订单创建失败: 下单量为0
2017-01-16 WARN 订单创建失败: 下单量为0
2017-01-16 WARN 订单创建失败: 下单量为0
2017-01-16 WARN 订单创建失败: 下单量为0
2017-01-16 WARN 订单创建失败: 下单量为0
2017-01-16 WARN 订单创建失败: 下单量为0
2017-01-16 WARN 订单创建失败: 下单量为0
2017-01-16 WARN 订单创建失败: 下单量为0
2017-01-16 WARN 订单创建失败: 下单量为0
2017-01-16 WARN 订单创建失败: 下单量为0
2017-01-16 WARN 订单创建失败: 下单量为0
2017-01-16 WARN 订单创建失败: 下单量为0
2017-01-16 WARN 订单创建失败: 下单量为0
2017-01-16 WARN 订单创建失败: 下单量为0
2017-01-16 WARN 订单创建失败: 下单量为0
2017-01-16 WARN 订单创建失败: 下单量为0
2017-01-16 WARN 订单创建失败: 下单量为0
2017-01-16 WARN 订单创建失败: 下单量为0
2017-01-16 WARN 订单创建失败: 下单量为0
2017-01-16 WARN 订单创建失败: 下单量为0
2017-01-16 WARN 订单创建失败: 下单量为0
2017-01-16 WARN 订单创建失败: 下单量为0
2017-01-16 WARN 订单创建失败: 下单量为0
2017-01-16 WARN 订单创建失败: 下单量为0
2017-01-16 WARN 订单创建失败: 下单量为0
2017-01-16 WARN 订单创建失败: 下单量为0
2017-01-16 WARN 订单创建失败: 下单量为0
2017-01-16 WARN 订单创建失败: 下单量为0
2017-01-16 WARN 订单创建失败: 下单量为0
2017-01-16 WARN 订单创建失败: 下单量为0
2017-01-16 WARN 订单创建失败: 下单量为0
2017-01-16 WARN 订单创建失败: 下单量为0
2017-01-16 WARN 订单创建失败: 下单量为0
2017-01-16 WARN 订单创建失败: 下单量为0
2017-01-16 WARN 订单创建失败: 下单量为0
2017-01-16 WARN 订单创建失败: 下单量为0
2017-01-16 WARN 订单创建失败: 下单量为0
2017-01-16 WARN 订单创建失败: 下单量为0
2017-01-16 WARN 订单创建失败: 下单量为0
2017-01-16 WARN 订单创建失败: 下单量为0
2017-01-16 WARN 订单创建失败: 下单量为0
2017-01-16 WARN 订单创建失败: 下单量为0
2017-01-16 WARN 订单创建失败: 下单量为0
2017-01-16 WARN 订单创建失败: 下单量为0
2017-01-16 WARN 订单创建失败: 下单量为0
2017-01-16 WARN 订单创建失败: 下单量为0
2017-01-16 WARN 订单创建失败: 下单量为0
2017-01-16 WARN 订单创建失败: 下单量为0
2017-01-16 WARN 订单创建失败: 下单量为0
2017-01-16 WARN 订单创建失败: 下单量为0
2017-01-16 WARN 订单创建失败: 下单量为0
2017-01-16 WARN 订单创建失败: 下单量为0
2017-01-16 WARN 订单创建失败: 下单量为0
2017-01-16 WARN 订单创建失败: 下单量为0
2017-01-16 WARN 订单创建失败: 下单量为0
2017-01-16 WARN 订单创建失败: 下单量为0
2017-01-16 WARN 订单创建失败: 下单量为0
2017-01-16 WARN 订单创建失败: 下单量为0
2017-01-16 WARN 订单创建失败: 下单量为0
2017-01-16 WARN 订单创建失败: 下单量为0
2017-01-16 WARN 订单创建失败: 下单量为0
2017-01-16 WARN 订单创建失败: 下单量为0
2017-01-16 WARN 订单创建失败: 下单量为0
2017-01-16 WARN 订单创建失败: 下单量为0
2017-01-16 WARN 订单创建失败: 下单量为0
2017-01-16 WARN 订单创建失败: 下单量为0
2017-01-16 WARN 订单创建失败: 下单量为0
2017-01-16 WARN 订单创建失败: 下单量为0
2017-01-16 WARN 订单创建失败: 下单量为0
2017-01-16 WARN 订单创建失败: 下单量为0
2017-01-16 WARN 订单创建失败: 下单量为0
2017-01-16 WARN 订单创建失败: 下单量为0
2017-01-16 WARN 订单创建失败: 下单量为0
2017-01-16 WARN 订单创建失败: 下单量为0
2017-01-16 WARN 订单创建失败: 下单量为0
2017-01-16 WARN 订单创建失败: 下单量为0
2017-01-16 WARN 订单创建失败: 下单量为0
2017-01-16 WARN 订单创建失败: 下单量为0
2017-01-16 WARN 订单创建失败: 下单量为0
2017-01-16 WARN 订单创建失败: 下单量为0
2017-01-16 WARN 订单创建失败: 下单量为0
2017-01-16 WARN 订单创建失败: 下单量为0
2017-01-16 WARN 订单创建失败: 下单量为0
2017-01-16 WARN 订单创建失败: 下单量为0
2017-01-16 WARN 订单创建失败: 下单量为0
2017-01-16 WARN 订单创建失败: 下单量为0
2017-01-16 WARN 订单创建失败: 下单量为0
2017-01-16 WARN 订单创建失败: 下单量为0
2017-01-16 WARN 订单创建失败: 下单量为0
2017-01-16 WARN 订单创建失败: 下单量为0
2017-01-16 WARN 订单创建失败: 下单量为0
2017-01-16 WARN 订单创建失败: 下单量为0
2017-01-16 WARN 订单创建失败: 下单量为0
2017-01-16 WARN 订单创建失败: 下单量为0
2017-01-16 WARN 订单创建失败: 下单量为0
2017-01-16 WARN 订单创建失败: 下单量为0
2017-01-16 WARN 订单创建失败: 下单量为0
2017-01-16 WARN 订单创建失败: 下单量为0
2017-01-16 WARN 订单创建失败: 下单量为0
2017-01-16 WARN 订单创建失败: 下单量为0
2017-01-16 WARN 订单创建失败: 下单量为0
2017-01-16 WARN 订单创建失败: 下单量为0
2017-01-16 WARN 订单创建失败: 下单量为0
2017-01-16 WARN 订单创建失败: 下单量为0
2017-01-16 WARN 订单创建失败: 下单量为0
2017-01-16 WARN 订单创建失败: 下单量为0
2017-01-16 WARN 订单创建失败: 下单量为0
2017-01-16 WARN 订单创建失败: 下单量为0
2017-01-16 WARN 订单创建失败: 下单量为0
2017-01-16 WARN 订单创建失败: 下单量为0
2017-01-16 WARN 订单创建失败: 下单量为0
2017-01-16 WARN 订单创建失败: 下单量为0
2017-01-16 WARN 订单创建失败: 下单量为0
2017-01-16 WARN 订单创建失败: 下单量为0
2017-01-16 WARN 订单创建失败: 下单量为0
2017-01-16 WARN 订单创建失败: 下单量为0
2017-01-16 WARN 订单创建失败: 下单量为0
2017-01-16 WARN 订单创建失败: 下单量为0
2017-01-16 WARN 订单创建失败: 下单量为0
2017-01-16 WARN 订单创建失败: 下单量为0
2017-01-16 WARN 订单创建失败: 下单量为0
2017-01-16 WARN 订单创建失败: 下单量为0
2017-01-16 WARN 订单创建失败: 下单量为0
2017-01-16 WARN 订单创建失败: 下单量为0
2017-01-16 WARN 订单创建失败: 下单量为0
2017-01-16 WARN 订单创建失败: 下单量为0
2017-01-16 WARN 订单创建失败: 下单量为0
2017-01-16 WARN 订单创建失败: 下单量为0
2017-01-16 WARN 订单创建失败: 下单量为0
2017-01-16 WARN 订单创建失败: 下单量为0
2017-01-16 WARN 订单创建失败: 下单量为0
2017-01-16 WARN 订单创建失败: 下单量为0
2017-01-16 WARN 订单创建失败: 下单量为0
2017-01-16 WARN 订单创建失败: 下单量为0
2017-01-16 WARN 订单创建失败: 下单量为0
2017-01-16 WARN 订单创建失败: 下单量为0
2017-01-16 WARN 订单创建失败: 下单量为0
2017-01-16 WARN 订单创建失败: 下单量为0
2017-01-16 WARN 订单创建失败: 下单量为0
2017-01-16 WARN 订单创建失败: 下单量为0
2017-01-16 WARN 订单创建失败: 下单量为0
2017-01-16 WARN 订单创建失败: 下单量为0
2017-01-16 WARN 订单创建失败: 下单量为0
2017-01-16 WARN 订单创建失败: 下单量为0
2017-01-16 WARN 订单创建失败: 下单量为0
2017-01-16 WARN 订单创建失败: 下单量为0
2017-01-16 WARN 订单创建失败: 下单量为0
2017-01-16 WARN 订单创建失败: 下单量为0
2017-01-16 WARN 订单创建失败: 下单量为0
2017-01-16 WARN 订单创建失败: 下单量为0
2017-01-16 WARN 订单创建失败: 下单量为0
2017-01-16 WARN 订单创建失败: 下单量为0
2017-01-16 WARN 订单创建失败: 下单量为0
2017-01-16 WARN 订单创建失败: 下单量为0
2017-01-16 WARN 订单创建失败: 下单量为0
2017-01-16 WARN 订单创建失败: 下单量为0
2017-01-16 WARN 订单创建失败: 下单量为0
2017-01-16 WARN 订单创建失败: 下单量为0
2017-01-16 WARN 订单创建失败: 下单量为0
2017-01-16 WARN 订单创建失败: 下单量为0
2017-01-16 WARN 订单创建失败: 下单量为0
2017-01-16 WARN 订单创建失败: 下单量为0
2017-01-16 WARN 订单创建失败: 下单量为0
2017-01-16 WARN 订单创建失败: 下单量为0
2017-01-16 WARN 订单创建失败: 下单量为0
2017-01-16 WARN 订单创建失败: 下单量为0
2017-01-16 WARN 订单创建失败: 下单量为0
2017-01-16 WARN 订单创建失败: 下单量为0
2017-01-16 WARN 订单创建失败: 下单量为0
2017-01-16 WARN 订单创建失败: 下单量为0
2017-01-16 WARN 订单创建失败: 下单量为0
2017-01-16 WARN 订单创建失败: 下单量为0
2017-01-16 WARN 订单创建失败: 下单量为0
2017-01-16 WARN 订单创建失败: 下单量为0
2017-01-16 WARN 订单创建失败: 下单量为0
2017-01-16 WARN 订单创建失败: 下单量为0
2017-01-16 WARN 订单创建失败: 下单量为0
2017-01-16 WARN 订单创建失败: 下单量为0
2017-01-16 WARN 订单创建失败: 下单量为0
2017-01-16 WARN 订单创建失败: 下单量为0
2017-01-16 WARN 订单创建失败: 下单量为0
2017-01-16 WARN 订单创建失败: 下单量为0
2017-01-16 WARN 订单创建失败: 下单量为0
2017-01-16 WARN 订单创建失败: 下单量为0
2017-01-16 WARN 订单创建失败: 下单量为0
2017-01-16 WARN 订单创建失败: 下单量为0
2017-01-16 WARN 订单创建失败: 下单量为0
2017-01-16 WARN 订单创建失败: 下单量为0
2017-01-16 WARN 订单创建失败: 下单量为0
2017-01-16 WARN 订单创建失败: 下单量为0
2017-01-16 WARN 订单创建失败: 下单量为0
2017-01-16 WARN 订单创建失败: 下单量为0
2017-01-16 WARN 订单创建失败: 002426.XSHE 在 2017-01-16 15:00:00 时停牌
2017-01-16 WARN 订单创建失败: 下单量为0
2017-01-16 WARN 订单创建失败: 下单量为0
2017-01-16 WARN 订单创建失败: 下单量为0
2017-01-16 WARN 订单创建失败: 下单量为0
2017-01-23 INFO Get data date: 2017-01-20
False
279.94693422317505
2017-01-23 WARN 订单创建失败: 002368.XSHE 在 2017-01-23 15:00:00 时停牌
2017-01-23 WARN 订单创建失败: 002426.XSHE 在 2017-01-23 15:00:00 时停牌
2017-01-23 WARN 订单创建失败: 300315.XSHE 在 2017-01-23 15:00:00 时停牌
2017-01-23 WARN 订单创建失败: 下单量为0
2017-01-23 WARN 订单创建失败: 下单量为0
2017-01-23 WARN 订单创建失败: 下单量为0
2017-01-23 WARN 订单创建失败: 下单量为0
2017-01-23 WARN 订单创建失败: 下单量为0
2017-01-23 WARN 订单创建失败: 下单量为0
2017-01-23 WARN 订单创建失败: 下单量为0
2017-01-23 WARN 订单创建失败: 下单量为0
2017-01-23 WARN 订单创建失败: 下单量为0
2017-01-23 WARN 订单创建失败: 下单量为0
2017-01-23 WARN 订单创建失败: 下单量为0
2017-01-23 WARN 订单创建失败: 下单量为0
2017-01-23 WARN 订单创建失败: 下单量为0
2017-01-23 WARN 订单创建失败: 下单量为0
2017-01-23 WARN 订单创建失败: 下单量为0
2017-01-23 WARN 订单创建失败: 下单量为0
2017-01-23 WARN 订单创建失败: 下单量为0
2017-01-23 WARN 订单创建失败: 下单量为0
2017-01-23 WARN 订单创建失败: 下单量为0
2017-01-23 WARN 订单创建失败: 下单量为0
2017-01-23 WARN 订单创建失败: 下单量为0
2017-01-23 WARN 订单创建失败: 下单量为0
2017-01-23 WARN 订单创建失败: 下单量为0
2017-01-23 WARN 订单创建失败: 下单量为0
2017-01-23 WARN 订单创建失败: 下单量为0
2017-01-23 WARN 订单创建失败: 下单量为0
2017-01-23 WARN 订单创建失败: 下单量为0
2017-01-23 WARN 订单创建失败: 下单量为0
2017-01-23 WARN 订单创建失败: 下单量为0
2017-01-23 WARN 订单创建失败: 下单量为0
2017-01-23 WARN 订单创建失败: 下单量为0
2017-01-23 WARN 订单创建失败: 下单量为0
2017-01-23 WARN 订单创建失败: 下单量为0
2017-01-23 WARN 订单创建失败: 下单量为0
2017-01-23 WARN 订单创建失败: 下单量为0
2017-01-23 WARN 订单创建失败: 下单量为0
2017-01-23 WARN 订单创建失败: 下单量为0
2017-01-23 WARN 订单创建失败: 下单量为0
2017-01-23 WARN 订单创建失败: 下单量为0
2017-01-23 WARN 订单创建失败: 下单量为0
2017-01-23 WARN 订单创建失败: 下单量为0
2017-01-23 WARN 订单创建失败: 下单量为0
2017-01-23 WARN 订单被拒单: [600801.XSHG] 已涨停。
2017-01-23 INFO {'order_id': 15844215711178, 'secondary_order_id': None, 'calendar_dt': datetime.datetime(2017, 1, 23, 15, 0), 'trading_dt': datetime.datetime(2017, 1, 23, 15, 0), 'order_book_id': '600801.XSHG', 'quantity': 10200, 'side': 'BUY', 'position_effect': 'OPEN', 'message': '订单被拒单: [600801.XSHG] 已涨停。', 'filled_quantity': 0, 'status': 'REJECTED', 'frozen_price': 8.9, 'type': 'MARKET', 'transaction_cost': 0, 'avg_price': 0} *!*!*!*!*!*--订单失败--*!*!*!*!*!*
2017-01-23 WARN 订单被拒单: [000656.XSHE] 已涨停。
2017-01-23 INFO {'order_id': 15844215711284, 'secondary_order_id': None, 'calendar_dt': datetime.datetime(2017, 1, 23, 15, 0), 'trading_dt': datetime.datetime(2017, 1, 23, 15, 0), 'order_book_id': '000656.XSHE', 'quantity': 4800, 'side': 'BUY', 'position_effect': 'OPEN', 'message': '订单被拒单: [000656.XSHE] 已涨停。', 'filled_quantity': 0, 'status': 'REJECTED', 'frozen_price': 5.36, 'type': 'MARKET', 'transaction_cost': 0, 'avg_price': 0} *!*!*!*!*!*--订单失败--*!*!*!*!*!*
2017-01-23 WARN 订单创建失败: 下单量为0
2017-02-03 INFO Get data date: 2017-01-26
